Using pre-set license
Built from '2020.3/staging' branch; Version is '2020.3.25f1 (9b9180224418) revision 10195328'; Using compiler version '192528614'; Build Type 'Release'
OS: 'Windows 10  (10.0.18362) 64bit Professional' Language: 'ko' Physical Memory: 16224 MB
BatchMode: 1, IsHumanControllingUs: 0, StartBugReporterOnCrash: 0, Is64bit: 1, IsPro: 0

COMMAND LINE ARGUMENTS:
C:\Program Files\Unity\Hub\Editor\2020.3.25f1\Editor\Unity.exe
-adb2
-batchMode
-noUpm
-name
AssetImportWorker0
-projectPath
C:/UnityGame/BaebSaeWorld
-logFile
Logs/AssetImportWorker0.log
-srvPort
1445
Successfully changed project path to: C:/UnityGame/BaebSaeWorld
C:/UnityGame/BaebSaeWorld
Using Asset Import Pipeline V2.
Refreshing native plugins compatible for Editor in 135.29 ms, found 3 plugins.
Preloading 0 native plugins for Editor in 0.00 ms.
Initialize engine version: 2020.3.25f1 (9b9180224418)
[Subsystems] Discovering subsystems at path C:/Program Files/Unity/Hub/Editor/2020.3.25f1/Editor/Data/Resources/UnitySubsystems
[Subsystems] Discovering subsystems at path C:/UnityGame/BaebSaeWorld/Assets
GfxDevice: creating device client; threaded=0
Direct3D:
    Version:  Direct3D 11.0 [level 11.1]
    Renderer: NVIDIA GeForce GTX 1660 Ti with Max-Q Design (ID=0x2191)
    Vendor:   
    VRAM:     5991 MB
    Driver:   26.21.14.4141
Initialize mono
Mono path[0] = 'C:/Program Files/Unity/Hub/Editor/2020.3.25f1/Editor/Data/Managed'
Mono path[1] = 'C:/Program Files/Unity/Hub/Editor/2020.3.25f1/Editor/Data/MonoBleedingEdge/lib/mono/unityjit'
Mono config path = 'C:/Program Files/Unity/Hub/Editor/2020.3.25f1/Editor/Data/MonoBleedingEdge/etc'
Using monoOptions --debugger-agent=transport=dt_socket,embedding=1,server=y,suspend=n,address=127.0.0.1:56312
Begin MonoManager ReloadAssembly
Registering precompiled unity dll's ...
Register platform support module: C:/Program Files/Unity/Hub/Editor/2020.3.25f1/Editor/Data/PlaybackEngines/WebGLSupport/UnityEditor.WebGL.Extensions.dll
Register platform support module: C:/Program Files/Unity/Hub/Editor/2020.3.25f1/Editor/Data/PlaybackEngines/WindowsStandaloneSupport/UnityEditor.WindowsStandalone.Extensions.dll
Registered in 0.006821 seconds.
Native extension for WindowsStandalone target not found
Native extension for WebGL target not found
Refreshing native plugins compatible for Editor in 87.75 ms, found 3 plugins.
Preloading 0 native plugins for Editor in 0.00 ms.
Mono: successfully reloaded assembly
- Completed reload, in  0.755 seconds
Domain Reload Profiling:
	ReloadAssembly (755ms)
		BeginReloadAssembly (109ms)
			ExecutionOrderSort (0ms)
			DisableScriptedObjects (0ms)
			BackupInstance (0ms)
			ReleaseScriptingObjects (0ms)
			CreateAndSetChildDomain (1ms)
		EndReloadAssembly (556ms)
			LoadAssemblies (105ms)
			RebuildTransferFunctionScriptingTraits (0ms)
			SetupTypeCache (163ms)
			ReleaseScriptCaches (0ms)
			RebuildScriptCaches (37ms)
			SetupLoadedEditorAssemblies (217ms)
				LogAssemblyErrors (0ms)
				InitializePlatformSupportModulesInManaged (6ms)
				SetLoadedEditorAssemblies (0ms)
				RefreshPlugins (88ms)
				BeforeProcessingInitializeOnLoad (13ms)
				ProcessInitializeOnLoadAttributes (83ms)
				ProcessInitializeOnLoadMethodAttributes (28ms)
				AfterProcessingInitializeOnLoad (0ms)
				EditorAssembliesLoaded (0ms)
			ExecutionOrderSort2 (0ms)
			AwakeInstancesAfterBackupRestoration (0ms)
Platform modules already initialized, skipping
Registering precompiled user dll's ...
Registered in 0.015403 seconds.
Begin MonoManager ReloadAssembly
Native extension for WindowsStandalone target not found
Native extension for WebGL target not found
Refreshing native plugins compatible for Editor in 84.24 ms, found 3 plugins.
Preloading 0 native plugins for Editor in 0.00 ms.
Mono: successfully reloaded assembly
- Completed reload, in  1.950 seconds
Domain Reload Profiling:
	ReloadAssembly (1953ms)
		BeginReloadAssembly (183ms)
			ExecutionOrderSort (0ms)
			DisableScriptedObjects (5ms)
			BackupInstance (0ms)
			ReleaseScriptingObjects (0ms)
			CreateAndSetChildDomain (19ms)
		EndReloadAssembly (1688ms)
			LoadAssemblies (752ms)
			RebuildTransferFunctionScriptingTraits (0ms)
			SetupTypeCache (328ms)
			ReleaseScriptCaches (1ms)
			RebuildScriptCaches (51ms)
			SetupLoadedEditorAssemblies (421ms)
				LogAssemblyErrors (0ms)
				InitializePlatformSupportModulesInManaged (4ms)
				SetLoadedEditorAssemblies (0ms)
				RefreshPlugins (84ms)
				BeforeProcessingInitializeOnLoad (109ms)
				ProcessInitializeOnLoadAttributes (188ms)
				ProcessInitializeOnLoadMethodAttributes (20ms)
				AfterProcessingInitializeOnLoad (15ms)
				EditorAssembliesLoaded (0ms)
			ExecutionOrderSort2 (0ms)
			AwakeInstancesAfterBackupRestoration (9ms)
Platform modules already initialized, skipping
========================================================================
Worker process is ready to serve import requests
Launched and connected shader compiler UnityShaderCompiler.exe after 0.08 seconds
Refreshing native plugins compatible for Editor in 0.73 ms, found 3 plugins.
Preloading 0 native plugins for Editor in 0.00 ms.
Unloading 2804 Unused Serialized files (Serialized files now loaded: 0)
System memory in use before: 116.3 MB.
System memory in use after: 116.5 MB.

Unloading 65 unused Assets to reduce memory usage. Loaded Objects now: 3208.
Total: 2.954000 ms (FindLiveObjects: 0.183500 ms CreateObjectMapping: 0.103300 ms MarkObjects: 2.604000 ms  DeleteObjects: 0.062500 ms)

AssetImportParameters requested are different than current active one (requested -> active):
  custom:framework-win-MediaFoundation: 216162199b28c13a410421893ffa2e32 -> 
  custom:video-decoder-ogg-theora: a1e56fd34408186e4bbccfd4996cb3dc -> 
  custom:container-muxer-webm: aa71ff27fc2769a1b78a27578f13a17b -> 
  custom:container-demuxer-webm: 4f35f7cbe854078d1ac9338744f61a02 -> 
  custom:container-demuxer-ogg: 62fdf1f143b41e24485cea50d1cbac27 -> 
  custom:video-encoder-webm-vp8: eb34c28f22e8b96e1ab97ce403110664 -> 
  custom:video-decoder-webm-vp8: 9c59270c3fd7afecdb556c50c9e8de78 -> 
  custom:audio-decoder-ogg-vorbis: bf7c407c2cedff20999df2af8eb42d56 -> 
  custom:audio-encoder-webm-vorbis: bf7c407c2cedff20999df2af8eb42d56 -> 
========================================================================
Received Import Request.
  path: Assets/MergeGame/Scripts/CoinsCounter.cs
  artifactKey: Guid(e67280c0285e4ab5a27ae8152d91b3fa) Importer(815301076,1909f56bfc062723c751e8b465ee728b)
Start importing Assets/MergeGame/Scripts/CoinsCounter.cs using Guid(e67280c0285e4ab5a27ae8152d91b3fa) Importer(815301076,1909f56bfc062723c751e8b465ee728b)  -> (artifact id: '36d52aa4ed6c2a99775a8b0f50f41c99') in 0.043595 seconds 
  Import took 0.047494 seconds .

========================================================================
Received Import Request.
  Time since last request: 0.000345 seconds.
  path: Assets/MergeGame/Scripts/GameController.cs
  artifactKey: Guid(cb21cb8bc5b46ea4d91130ec44354cb2) Importer(815301076,1909f56bfc062723c751e8b465ee728b)
Start importing Assets/MergeGame/Scripts/GameController.cs using Guid(cb21cb8bc5b46ea4d91130ec44354cb2) Importer(815301076,1909f56bfc062723c751e8b465ee728b)  -> (artifact id: 'f99f9e9f0c68cf007fc69d0ecfbe64dd') in 0.003921 seconds 
  Import took 0.007378 seconds .

========================================================================
Received Import Request.
  Time since last request: 144.876202 seconds.
  path: Assets/MergeGame/Scripts/StorePanel.cs
  artifactKey: Guid(81c74c96aa289fb45a18dc4e6e8deca7) Importer(815301076,1909f56bfc062723c751e8b465ee728b)
Start importing Assets/MergeGame/Scripts/StorePanel.cs using Guid(81c74c96aa289fb45a18dc4e6e8deca7) Importer(815301076,1909f56bfc062723c751e8b465ee728b)  -> (artifact id: '63a68359f3b73fc27d2380f204fc45e3') in 0.006027 seconds 
  Import took 0.012305 seconds .

========================================================================
Received Import Request.
  Time since last request: 0.520290 seconds.
  path: Assets/MergeGame/Scripts/StoreItem.cs
  artifactKey: Guid(3ae706dc79dd71a48bf207fa2e5b8a2f) Importer(815301076,1909f56bfc062723c751e8b465ee728b)
Start importing Assets/MergeGame/Scripts/StoreItem.cs using Guid(3ae706dc79dd71a48bf207fa2e5b8a2f) Importer(815301076,1909f56bfc062723c751e8b465ee728b)  -> (artifact id: '55730efaa2620ff5df4d8c1027b9fbff') in 0.004864 seconds 
  Import took 0.009730 seconds .

========================================================================
Received Import Request.
  Time since last request: 0.166753 seconds.
  path: Assets/MergeGame/Scripts/ScoreCounter.cs
  artifactKey: Guid(7ee5f50176a334895a7b5bbcf2397ec9) Importer(815301076,1909f56bfc062723c751e8b465ee728b)
Start importing Assets/MergeGame/Scripts/ScoreCounter.cs using Guid(7ee5f50176a334895a7b5bbcf2397ec9) Importer(815301076,1909f56bfc062723c751e8b465ee728b)  -> (artifact id: '890c8b3ef8e923da57b5bd78c61e4978') in 0.004811 seconds 
  Import took 0.009808 seconds .

========================================================================
Received Import Request.
  Time since last request: 0.030522 seconds.
  path: Assets/MergeGame/Scripts/RestartButton.cs
  artifactKey: Guid(ed57ac2756ea6405d823d864181ebc35) Importer(815301076,1909f56bfc062723c751e8b465ee728b)
Start importing Assets/MergeGame/Scripts/RestartButton.cs using Guid(ed57ac2756ea6405d823d864181ebc35) Importer(815301076,1909f56bfc062723c751e8b465ee728b)  -> (artifact id: '73fef010ab862a1ca5e80eeb190eb834') in 0.005017 seconds 
  Import took 0.009694 seconds .

========================================================================
Received Import Request.
  Time since last request: 0.169425 seconds.
  path: Assets/MergeGame/Scripts/QuitButton.cs
  artifactKey: Guid(1b89c26860bd34ed98575ebd2724da4c) Importer(815301076,1909f56bfc062723c751e8b465ee728b)
Start importing Assets/MergeGame/Scripts/QuitButton.cs using Guid(1b89c26860bd34ed98575ebd2724da4c) Importer(815301076,1909f56bfc062723c751e8b465ee728b)  -> (artifact id: 'eb72bc927fb7302611d99350b288cd7e') in 0.005786 seconds 
  Import took 0.010640 seconds .

========================================================================
Received Import Request.
  Time since last request: 0.184541 seconds.
  path: Assets/MergeGame/Scripts/PointerInputController.cs
  artifactKey: Guid(00f5959b11c5742adb3350a6fedddb28) Importer(815301076,1909f56bfc062723c751e8b465ee728b)
Start importing Assets/MergeGame/Scripts/PointerInputController.cs using Guid(00f5959b11c5742adb3350a6fedddb28) Importer(815301076,1909f56bfc062723c751e8b465ee728b)  -> (artifact id: '6446fa6463e31519d14ccc8f841d8abc') in 0.004867 seconds 
  Import took 0.009649 seconds .

========================================================================
Received Import Request.
  Time since last request: 0.139923 seconds.
  path: Assets/MergeGame/Scripts/PlaySfx.cs
  artifactKey: Guid(7f6b592de38a04ef48bcd14728d69799) Importer(815301076,1909f56bfc062723c751e8b465ee728b)
Start importing Assets/MergeGame/Scripts/PlaySfx.cs using Guid(7f6b592de38a04ef48bcd14728d69799) Importer(815301076,1909f56bfc062723c751e8b465ee728b)  -> (artifact id: 'c2b1f091ba01c267dbcad1bb79b19974') in 0.005117 seconds 
  Import took 0.010859 seconds .

========================================================================
Received Import Request.
  Time since last request: 0.144178 seconds.
  path: Assets/MergeGame/Scripts/Pause.cs
  artifactKey: Guid(b14ec918fb82b4fdbaf792693e711d15) Importer(815301076,1909f56bfc062723c751e8b465ee728b)
Start importing Assets/MergeGame/Scripts/Pause.cs using Guid(b14ec918fb82b4fdbaf792693e711d15) Importer(815301076,1909f56bfc062723c751e8b465ee728b)  -> (artifact id: '94c83d9f52d62851e9b072594316841a') in 0.005304 seconds 
  Import took 0.009370 seconds .

========================================================================
Received Import Request.
  Time since last request: 0.172719 seconds.
  path: Assets/MergeGame/Scripts/Panel.cs
  artifactKey: Guid(2934c7ffc8e44a2f9dee53441941f322) Importer(815301076,1909f56bfc062723c751e8b465ee728b)
Start importing Assets/MergeGame/Scripts/Panel.cs using Guid(2934c7ffc8e44a2f9dee53441941f322) Importer(815301076,1909f56bfc062723c751e8b465ee728b)  -> (artifact id: '01f8b890995f725218e12a5f03b9828a') in 0.004939 seconds 
  Import took 0.010552 seconds .

========================================================================
Received Import Request.
  Time since last request: 0.176738 seconds.
  path: Assets/MergeGame/Scripts/OpenUrlButton.cs
  artifactKey: Guid(71916d40acac74527937158ae7ed867e) Importer(815301076,1909f56bfc062723c751e8b465ee728b)
Start importing Assets/MergeGame/Scripts/OpenUrlButton.cs using Guid(71916d40acac74527937158ae7ed867e) Importer(815301076,1909f56bfc062723c751e8b465ee728b)  -> (artifact id: '62115fdeebd0606dc5f63bd263031f19') in 0.005879 seconds 
  Import took 0.014482 seconds .

========================================================================
Received Import Request.
  Time since last request: 0.160563 seconds.
  path: Assets/MergeGame/Scripts/NewItemPreview.cs
  artifactKey: Guid(2b80f35c504706943afc18d3e9297f37) Importer(815301076,1909f56bfc062723c751e8b465ee728b)
Start importing Assets/MergeGame/Scripts/NewItemPreview.cs using Guid(2b80f35c504706943afc18d3e9297f37) Importer(815301076,1909f56bfc062723c751e8b465ee728b)  -> (artifact id: 'd6034d46aa34f8b9fecbd0558348c4b4') in 0.005064 seconds 
  Import took 0.010224 seconds .

========================================================================
Received Import Request.
  Time since last request: 0.139637 seconds.
  path: Assets/MergeGame/Scripts/MergePreset.cs
  artifactKey: Guid(0e39894fc9dda7742a56569120c03992) Importer(815301076,1909f56bfc062723c751e8b465ee728b)
Start importing Assets/MergeGame/Scripts/MergePreset.cs using Guid(0e39894fc9dda7742a56569120c03992) Importer(815301076,1909f56bfc062723c751e8b465ee728b)  -> (artifact id: '1c17d3aaecf04adbe3fec66f4c7de8dd') in 0.006223 seconds 
  Import took 0.012146 seconds .

========================================================================
Received Import Request.
  Time since last request: 0.134167 seconds.
  path: Assets/MergeGame/Scripts/MergeController.cs
  artifactKey: Guid(04f3e1cdd2100354a9befd187a6684b3) Importer(815301076,1909f56bfc062723c751e8b465ee728b)
Start importing Assets/MergeGame/Scripts/MergeController.cs using Guid(04f3e1cdd2100354a9befd187a6684b3) Importer(815301076,1909f56bfc062723c751e8b465ee728b)  -> (artifact id: '482f34efb4c76d25e4f50a6d97e6572b') in 0.005354 seconds 
  Import took 0.010025 seconds .

========================================================================
Received Import Request.
  Time since last request: 0.153565 seconds.
  path: Assets/MergeGame/Scripts/MergeCollection.cs
  artifactKey: Guid(0e978f37de7373d4383d6496a7cabb5c) Importer(815301076,1909f56bfc062723c751e8b465ee728b)
Start importing Assets/MergeGame/Scripts/MergeCollection.cs using Guid(0e978f37de7373d4383d6496a7cabb5c) Importer(815301076,1909f56bfc062723c751e8b465ee728b)  -> (artifact id: 'b0c2d483b3b0559014688fc3fabadc07') in 0.005743 seconds 
  Import took 0.010733 seconds .

========================================================================
Received Import Request.
  Time since last request: 0.129981 seconds.
  path: Assets/MergeGame/Scripts/InputController.cs
  artifactKey: Guid(dfa7ddad2222a41d9bcb0aa06742a234) Importer(815301076,1909f56bfc062723c751e8b465ee728b)
Start importing Assets/MergeGame/Scripts/InputController.cs using Guid(dfa7ddad2222a41d9bcb0aa06742a234) Importer(815301076,1909f56bfc062723c751e8b465ee728b)  -> (artifact id: '3abeb89bf6bb4aaa324712041629e764') in 0.004908 seconds 
  Import took 0.009622 seconds .

========================================================================
Received Prepare
Registering precompiled user dll's ...
Registered in 0.012835 seconds.
Begin MonoManager ReloadAssembly
Native extension for WindowsStandalone target not found
Native extension for WebGL target not found
Refreshing native plugins compatible for Editor in 0.92 ms, found 3 plugins.
Preloading 0 native plugins for Editor in 0.00 ms.
Mono: successfully reloaded assembly
- Completed reload, in  1.202 seconds
Domain Reload Profiling:
	ReloadAssembly (1202ms)
		BeginReloadAssembly (173ms)
			ExecutionOrderSort (0ms)
			DisableScriptedObjects (8ms)
			BackupInstance (0ms)
			ReleaseScriptingObjects (0ms)
			CreateAndSetChildDomain (41ms)
		EndReloadAssembly (948ms)
			LoadAssemblies (161ms)
			RebuildTransferFunctionScriptingTraits (0ms)
			SetupTypeCache (277ms)
			ReleaseScriptCaches (1ms)
			RebuildScriptCaches (42ms)
			SetupLoadedEditorAssemblies (381ms)
				LogAssemblyErrors (0ms)
				InitializePlatformSupportModulesInManaged (7ms)
				SetLoadedEditorAssemblies (0ms)
				RefreshPlugins (1ms)
				BeforeProcessingInitializeOnLoad (138ms)
				ProcessInitializeOnLoadAttributes (204ms)
				ProcessInitializeOnLoadMethodAttributes (13ms)
				AfterProcessingInitializeOnLoad (17ms)
				EditorAssembliesLoaded (0ms)
			ExecutionOrderSort2 (0ms)
			AwakeInstancesAfterBackupRestoration (8ms)
Platform modules already initialized, skipping
Switching build target platform(19) subTarget(0) extendedPlatform(0) -> platform(13) subTarget(589824) extendedPlatform(0)
Refreshing native plugins compatible for Editor in 0.76 ms, found 3 plugins.
Preloading 0 native plugins for Editor in 0.00 ms.
Unloading 2789 Unused Serialized files (Serialized files now loaded: 0)
System memory in use before: 114.9 MB.
System memory in use after: 115.1 MB.

Unloading 54 unused Assets to reduce memory usage. Loaded Objects now: 3210.
Total: 2.908500 ms (FindLiveObjects: 0.198100 ms CreateObjectMapping: 0.105400 ms MarkObjects: 2.585000 ms  DeleteObjects: 0.019400 ms)

AssetImportParameters requested are different than current active one (requested -> active):
  custom:framework-win-MediaFoundation: 216162199b28c13a410421893ffa2e32 -> 
  custom:video-decoder-ogg-theora: a1e56fd34408186e4bbccfd4996cb3dc -> 
  custom:container-muxer-webm: aa71ff27fc2769a1b78a27578f13a17b -> 
  custom:container-demuxer-webm: 4f35f7cbe854078d1ac9338744f61a02 -> 
  custom:container-demuxer-ogg: 62fdf1f143b41e24485cea50d1cbac27 -> 
  custom:video-encoder-webm-vp8: eb34c28f22e8b96e1ab97ce403110664 -> 
  custom:video-decoder-webm-vp8: 9c59270c3fd7afecdb556c50c9e8de78 -> 
  custom:graphics/normal-map-encoding: 01000000000000000000000000000000 -> 02000000000000000000000000000000
  custom:audio-decoder-ogg-vorbis: bf7c407c2cedff20999df2af8eb42d56 -> 
  custom:audio-encoder-webm-vorbis: bf7c407c2cedff20999df2af8eb42d56 -> 
